<?xml version="1.0" encoding="UTF-8"?>
<coverage generated="1773687551568" clover="3.2.0">
  <project timestamp="1773687551568" name="All files">
    <metrics statements="100" coveredstatements="68" conditionals="64" coveredconditionals="42" methods="17" coveredmethods="8" elements="181" coveredelements="118" complexity="0" loc="100" ncloc="100" packages="1" files="1" classes="1"/>
    <file name="index.js" path="C:\Users\Aaron\OneDrive\Documents\GitHub\insider-trading\src\index.js">
      <metrics statements="100" coveredstatements="68" conditionals="64" coveredconditionals="42" methods="17" coveredmethods="8"/>
      <line num="1" count="1" type="stmt"/>
      <line num="15" count="1" type="stmt"/>
      <line num="21" count="1" type="stmt"/>
      <line num="27" count="1" type="stmt"/>
      <line num="28" count="1" type="stmt"/>
      <line num="29" count="1" type="stmt"/>
      <line num="30" count="1" type="stmt"/>
      <line num="39" count="1" type="stmt"/>
      <line num="40" count="1" type="stmt"/>
      <line num="41" count="1" type="stmt"/>
      <line num="44" count="1" type="stmt"/>
      <line num="45" count="11" type="stmt"/>
      <line num="46" count="11" type="stmt"/>
      <line num="48" count="1" type="stmt"/>
      <line num="62" count="1" type="stmt"/>
      <line num="65" count="8" type="cond" truecount="1" falsecount="1"/>
      <line num="66" count="8" type="cond" truecount="4" falsecount="0"/>
      <line num="67" count="3" type="stmt"/>
      <line num="68" count="2" type="stmt"/>
      <line num="69" count="2" type="stmt"/>
      <line num="70" count="1" type="stmt"/>
      <line num="73" count="0" type="stmt"/>
      <line num="76" count="8" type="stmt"/>
      <line num="77" count="8" type="stmt"/>
      <line num="80" count="8" type="cond" truecount="4" falsecount="0"/>
      <line num="81" count="1" type="cond" truecount="1" falsecount="1"/>
      <line num="83" count="0" type="cond" truecount="0" falsecount="4"/>
      <line num="87" count="7" type="cond" truecount="4" falsecount="0"/>
      <line num="88" count="4" type="stmt"/>
      <line num="89" count="4" type="stmt"/>
      <line num="91" count="4" type="cond" truecount="2" falsecount="0"/>
      <line num="93" count="1" type="cond" truecount="2" falsecount="2"/>
      <line num="97" count="3" type="cond" truecount="4" falsecount="0"/>
      <line num="98" count="2" type="cond" truecount="2" falsecount="2"/>
      <line num="101" count="2" type="cond" truecount="4" falsecount="0"/>
      <line num="111" count="1" type="stmt"/>
      <line num="112" count="12" type="cond" truecount="2" falsecount="0"/>
      <line num="114" count="5" type="cond" truecount="2" falsecount="0"/>
      <line num="115" count="5" type="stmt"/>
      <line num="116" count="5" type="stmt"/>
      <line num="117" count="5" type="stmt"/>
      <line num="128" count="1" type="stmt"/>
      <line num="129" count="1" type="stmt"/>
      <line num="130" count="1" type="stmt"/>
      <line num="133" count="1" type="stmt"/>
      <line num="136" count="1" type="stmt"/>
      <line num="137" count="11" type="cond" truecount="1" falsecount="1"/>
      <line num="138" count="11" type="stmt"/>
      <line num="139" count="11" type="cond" truecount="1" falsecount="1"/>
      <line num="140" count="11" type="stmt"/>
      <line num="145" count="1" type="stmt"/>
      <line num="146" count="1" type="cond" truecount="2" falsecount="0"/>
      <line num="148" count="0" type="stmt"/>
      <line num="152" count="1" type="stmt"/>
      <line num="153" count="1" type="stmt"/>
      <line num="154" count="1" type="stmt"/>
      <line num="157" count="1" type="cond" truecount="1" falsecount="1"/>
      <line num="158" count="1" type="stmt"/>
      <line num="160" count="0" type="cond" truecount="0" falsecount="2"/>
      <line num="161" count="0" type="stmt"/>
      <line num="164" count="1" type="stmt"/>
      <line num="165" count="11" type="cond" truecount="1" falsecount="1"/>
      <line num="166" count="11" type="stmt"/>
      <line num="167" count="11" type="cond" truecount="4" falsecount="0"/>
      <line num="168" count="11" type="stmt"/>
      <line num="171" count="1" type="stmt"/>
      <line num="174" count="1" type="stmt"/>
      <line num="183" count="1" type="stmt"/>
      <line num="184" count="0" type="cond" truecount="0" falsecount="2"/>
      <line num="185" count="0" type="stmt"/>
      <line num="186" count="0" type="stmt"/>
      <line num="188" count="0" type="stmt"/>
      <line num="189" count="0" type="stmt"/>
      <line num="192" count="0" type="stmt"/>
      <line num="200" count="1" type="stmt"/>
      <line num="201" count="0" type="stmt"/>
      <line num="202" count="0" type="stmt"/>
      <line num="203" count="0" type="stmt"/>
      <line num="206" count="0" type="stmt"/>
      <line num="207" count="0" type="stmt"/>
      <line num="208" count="0" type="stmt"/>
      <line num="210" count="0" type="stmt"/>
      <line num="211" count="0" type="stmt"/>
      <line num="212" count="0" type="stmt"/>
      <line num="214" count="0" type="cond" truecount="0" falsecount="4"/>
      <line num="215" count="0" type="stmt"/>
      <line num="218" count="0" type="stmt"/>
      <line num="219" count="0" type="stmt"/>
      <line num="220" count="0" type="stmt"/>
      <line num="224" count="1" type="stmt"/>
      <line num="225" count="0" type="stmt"/>
      <line num="229" count="1" type="stmt"/>
      <line num="230" count="1" type="stmt"/>
      <line num="231" count="0" type="stmt"/>
      <line num="232" count="0" type="stmt"/>
      <line num="233" count="0" type="stmt"/>
      <line num="234" count="0" type="stmt"/>
      <line num="236" count="0" type="stmt"/>
      <line num="237" count="0" type="stmt"/>
      <line num="241" count="1" type="stmt"/>
    </file>
  </project>
</coverage>
