{"C:\\Users\\Aaron\\OneDrive\\Documents\\GitHub\\insider-trading\\src\\index.js": {"path":"C:\\Users\\Aaron\\OneDrive\\Documents\\GitHub\\insider-trading\\src\\index.js","statementMap":{"0":{"start":{"line":1,"column":37},"end":{"line":13,"column":1}},"1":{"start":{"line":15,"column":51},"end":{"line":19,"column":1}},"2":{"start":{"line":21,"column":52},"end":{"line":25,"column":1}},"3":{"start":{"line":27,"column":30},"end":{"line":27,"column":135}},"4":{"start":{"line":28,"column":22},"end":{"line":28,"column":47}},"5":{"start":{"line":29,"column":32},"end":{"line":29,"column":33}},"6":{"start":{"line":30,"column":23},"end":{"line":30,"column":62}},"7":{"start":{"line":39,"column":23},"end":{"line":49,"column":1}},"8":{"start":{"line":40,"column":20},"end":{"line":40,"column":56}},"9":{"start":{"line":41,"column":19},"end":{"line":41,"column":54}},"10":{"start":{"line":44,"column":2},"end":{"line":47,"column":3}},"11":{"start":{"line":44,"column":15},"end":{"line":44,"column":44}},"12":{"start":{"line":45,"column":4},"end":{"line":45,"column":48}},"13":{"start":{"line":46,"column":4},"end":{"line":46,"column":27}},"14":{"start":{"line":48,"column":2},"end":{"line":48,"column":13}},"15":{"start":{"line":62,"column":49},"end":{"line":102,"column":1}},"16":{"start":{"line":65,"column":4},"end":{"line":72,"column":5}},"17":{"start":{"line":66,"column":6},"end":{"line":71,"column":7}},"18":{"start":{"line":67,"column":26},"end":{"line":67,"column":34}},"19":{"start":{"line":68,"column":28},"end":{"line":68,"column":36}},"20":{"start":{"line":69,"column":25},"end":{"line":69,"column":33}},"21":{"start":{"line":70,"column":17},"end":{"line":70,"column":25}},"22":{"start":{"line":73,"column":4},"end":{"line":73,"column":12}},"23":{"start":{"line":76,"column":16},"end":{"line":76,"column":35}},"24":{"start":{"line":77,"column":16},"end":{"line":77,"column":35}},"25":{"start":{"line":80,"column":2},"end":{"line":84,"column":3}},"26":{"start":{"line":81,"column":4},"end":{"line":81,"column":45}},"27":{"start":{"line":81,"column":25},"end":{"line":81,"column":45}},"28":{"start":{"line":83,"column":4},"end":{"line":83,"column":46}},"29":{"start":{"line":87,"column":2},"end":{"line":94,"column":3}},"30":{"start":{"line":88,"column":19},"end":{"line":88,"column":38}},"31":{"start":{"line":89,"column":19},"end":{"line":89,"column":38}},"32":{"start":{"line":91,"column":4},"end":{"line":91,"column":49}},"33":{"start":{"line":91,"column":27},"end":{"line":91,"column":49}},"34":{"start":{"line":93,"column":4},"end":{"line":93,"column":46}},"35":{"start":{"line":97,"column":2},"end":{"line":97,"column":70}},"36":{"start":{"line":97,"column":62},"end":{"line":97,"column":70}},"37":{"start":{"line":98,"column":2},"end":{"line":98,"column":71}},"38":{"start":{"line":98,"column":62},"end":{"line":98,"column":71}},"39":{"start":{"line":101,"column":2},"end":{"line":101,"column":44}},"40":{"start":{"line":111,"column":28},"end":{"line":118,"column":1}},"41":{"start":{"line":112,"column":2},"end":{"line":112,"column":45}},"42":{"start":{"line":112,"column":33},"end":{"line":112,"column":45}},"43":{"start":{"line":114,"column":15},"end":{"line":114,"column":35}},"44":{"start":{"line":115,"column":24},"end":{"line":115,"column":39}},"45":{"start":{"line":116,"column":26},"end":{"line":116,"column":88}},"46":{"start":{"line":117,"column":2},"end":{"line":117,"column":37}},"47":{"start":{"line":128,"column":27},"end":{"line":175,"column":1}},"48":{"start":{"line":129,"column":20},"end":{"line":129,"column":56}},"49":{"start":{"line":130,"column":19},"end":{"line":130,"column":54}},"50":{"start":{"line":133,"column":18},"end":{"line":133,"column":59}},"51":{"start":{"line":136,"column":2},"end":{"line":142,"column":4}},"52":{"start":{"line":137,"column":4},"end":{"line":141,"column":5}},"53":{"start":{"line":138,"column":17},"end":{"line":138,"column":45}},"54":{"start":{"line":139,"column":6},"end":{"line":139,"column":83}},"55":{"start":{"line":140,"column":6},"end":{"line":140,"column":31}},"56":{"start":{"line":145,"column":23},"end":{"line":149,"column":6}},"57":{"start":{"line":146,"column":19},"end":{"line":146,"column":80}},"58":{"start":{"line":148,"column":6},"end":{"line":148,"column":59}},"59":{"start":{"line":152,"column":2},"end":{"line":172,"column":3}},"60":{"start":{"line":152,"column":15},"end":{"line":152,"column":16}},"61":{"start":{"line":153,"column":16},"end":{"line":153,"column":31}},"62":{"start":{"line":154,"column":15},"end":{"line":154,"column":43}},"63":{"start":{"line":157,"column":4},"end":{"line":162,"column":5}},"64":{"start":{"line":158,"column":6},"end":{"line":158,"column":36}},"65":{"start":{"line":160,"column":9},"end":{"line":162,"column":5}},"66":{"start":{"line":161,"column":6},"end":{"line":161,"column":35}},"67":{"start":{"line":164,"column":4},"end":{"line":170,"column":6}},"68":{"start":{"line":165,"column":6},"end":{"line":169,"column":7}},"69":{"start":{"line":166,"column":19},"end":{"line":166,"column":47}},"70":{"start":{"line":167,"column":8},"end":{"line":167,"column":134}},"71":{"start":{"line":168,"column":8},"end":{"line":168,"column":26}},"72":{"start":{"line":171,"column":4},"end":{"line":171,"column":28}},"73":{"start":{"line":174,"column":2},"end":{"line":174,"column":13}},"74":{"start":{"line":183,"column":17},"end":{"line":193,"column":1}},"75":{"start":{"line":184,"column":2},"end":{"line":191,"column":3}},"76":{"start":{"line":185,"column":4},"end":{"line":190,"column":8}},"77":{"start":{"line":186,"column":24},"end":{"line":186,"column":39}},"78":{"start":{"line":188,"column":8},"end":{"line":188,"column":52}},"79":{"start":{"line":189,"column":8},"end":{"line":189,"column":48}},"80":{"start":{"line":192,"column":2},"end":{"line":192,"column":13}},"81":{"start":{"line":200,"column":33},"end":{"line":221,"column":1}},"82":{"start":{"line":201,"column":28},"end":{"line":201,"column":70}},"83":{"start":{"line":202,"column":2},"end":{"line":204,"column":3}},"84":{"start":{"line":203,"column":4},"end":{"line":203,"column":63}},"85":{"start":{"line":206,"column":31},"end":{"line":206,"column":89}},"86":{"start":{"line":207,"column":26},"end":{"line":207,"column":55}},"87":{"start":{"line":208,"column":2},"end":{"line":208,"column":58}},"88":{"start":{"line":210,"column":31},"end":{"line":210,"column":90}},"89":{"start":{"line":211,"column":26},"end":{"line":211,"column":55}},"90":{"start":{"line":212,"column":2},"end":{"line":212,"column":58}},"91":{"start":{"line":214,"column":2},"end":{"line":216,"column":3}},"92":{"start":{"line":215,"column":4},"end":{"line":215,"column":84}},"93":{"start":{"line":218,"column":2},"end":{"line":218,"column":48}},"94":{"start":{"line":219,"column":2},"end":{"line":219,"column":48}},"95":{"start":{"line":220,"column":2},"end":{"line":220,"column":13}},"96":{"start":{"line":224,"column":0},"end":{"line":226,"column":2}},"97":{"start":{"line":225,"column":2},"end":{"line":225,"column":26}},"98":{"start":{"line":229,"column":22},"end":{"line":229,"column":65}},"99":{"start":{"line":230,"column":0},"end":{"line":239,"column":2}},"100":{"start":{"line":231,"column":2},"end":{"line":238,"column":4}},"101":{"start":{"line":232,"column":19},"end":{"line":232,"column":53}},"102":{"start":{"line":233,"column":4},"end":{"line":233,"column":64}},"103":{"start":{"line":233,"column":33},"end":{"line":233,"column":63}},"104":{"start":{"line":234,"column":4},"end":{"line":234,"column":34}},"105":{"start":{"line":236,"column":4},"end":{"line":236,"column":20}},"106":{"start":{"line":237,"column":4},"end":{"line":237,"column":20}},"107":{"start":{"line":241,"column":0},"end":{"line":252,"column":1}}},"fnMap":{"0":{"name":"(anonymous_0)","decl":{"start":{"line":39,"column":23},"end":{"line":39,"column":24}},"loc":{"start":{"line":39,"column":35},"end":{"line":49,"column":1}},"line":39},"1":{"name":"(anonymous_1)","decl":{"start":{"line":62,"column":49},"end":{"line":62,"column":50}},"loc":{"start":{"line":62,"column":65},"end":{"line":102,"column":1}},"line":62},"2":{"name":"getRiskOrder","decl":{"start":{"line":64,"column":11},"end":{"line":64,"column":23}},"loc":{"start":{"line":64,"column":30},"end":{"line":74,"column":3}},"line":64},"3":{"name":"(anonymous_3)","decl":{"start":{"line":111,"column":28},"end":{"line":111,"column":29}},"loc":{"start":{"line":111,"column":45},"end":{"line":118,"column":1}},"line":111},"4":{"name":"(anonymous_4)","decl":{"start":{"line":128,"column":27},"end":{"line":128,"column":28}},"loc":{"start":{"line":128,"column":63},"end":{"line":175,"column":1}},"line":128},"5":{"name":"(anonymous_5)","decl":{"start":{"line":136,"column":18},"end":{"line":136,"column":19}},"loc":{"start":{"line":136,"column":30},"end":{"line":142,"column":3}},"line":136},"6":{"name":"(anonymous_6)","decl":{"start":{"line":146,"column":12},"end":{"line":146,"column":13}},"loc":{"start":{"line":146,"column":19},"end":{"line":146,"column":80}},"line":146},"7":{"name":"(anonymous_7)","decl":{"start":{"line":147,"column":10},"end":{"line":147,"column":11}},"loc":{"start":{"line":147,"column":20},"end":{"line":149,"column":5}},"line":147},"8":{"name":"(anonymous_8)","decl":{"start":{"line":164,"column":20},"end":{"line":164,"column":21}},"loc":{"start":{"line":164,"column":32},"end":{"line":170,"column":5}},"line":164},"9":{"name":"(anonymous_9)","decl":{"start":{"line":183,"column":17},"end":{"line":183,"column":18}},"loc":{"start":{"line":183,"column":43},"end":{"line":193,"column":1}},"line":183},"10":{"name":"(anonymous_10)","decl":{"start":{"line":186,"column":12},"end":{"line":186,"column":13}},"loc":{"start":{"line":186,"column":24},"end":{"line":186,"column":39}},"line":186},"11":{"name":"(anonymous_11)","decl":{"start":{"line":187,"column":12},"end":{"line":187,"column":13}},"loc":{"start":{"line":187,"column":26},"end":{"line":190,"column":7}},"line":187},"12":{"name":"(anonymous_12)","decl":{"start":{"line":200,"column":33},"end":{"line":200,"column":34}},"loc":{"start":{"line":200,"column":59},"end":{"line":221,"column":1}},"line":200},"13":{"name":"(anonymous_13)","decl":{"start":{"line":224,"column":46},"end":{"line":224,"column":47}},"loc":{"start":{"line":224,"column":52},"end":{"line":226,"column":1}},"line":224},"14":{"name":"(anonymous_14)","decl":{"start":{"line":230,"column":22},"end":{"line":230,"column":23}},"loc":{"start":{"line":230,"column":34},"end":{"line":239,"column":1}},"line":230},"15":{"name":"(anonymous_15)","decl":{"start":{"line":231,"column":35},"end":{"line":231,"column":36}},"loc":{"start":{"line":231,"column":41},"end":{"line":238,"column":3}},"line":231},"16":{"name":"(anonymous_16)","decl":{"start":{"line":233,"column":26},"end":{"line":233,"column":27}},"loc":{"start":{"line":233,"column":33},"end":{"line":233,"column":63}},"line":233}},"branchMap":{"0":{"loc":{"start":{"line":65,"column":4},"end":{"line":72,"column":5}},"type":"if","locations":[{"start":{"line":65,"column":4},"end":{"line":72,"column":5}},{"start":{},"end":{}}],"line":65},"1":{"loc":{"start":{"line":66,"column":6},"end":{"line":71,"column":7}},"type":"switch","locations":[{"start":{"line":67,"column":8},"end":{"line":67,"column":34}},{"start":{"line":68,"column":8},"end":{"line":68,"column":36}},{"start":{"line":69,"column":8},"end":{"line":69,"column":33}},{"start":{"line":70,"column":8},"end":{"line":70,"column":25}}],"line":66},"2":{"loc":{"start":{"line":80,"column":2},"end":{"line":84,"column":3}},"type":"if","locations":[{"start":{"line":80,"column":2},"end":{"line":84,"column":3}},{"start":{},"end":{}}],"line":80},"3":{"loc":{"start":{"line":80,"column":6},"end":{"line":80,"column":60}},"type":"binary-expr","locations":[{"start":{"line":80,"column":6},"end":{"line":80,"column":31}},{"start":{"line":80,"column":35},"end":{"line":80,"column":60}}],"line":80},"4":{"loc":{"start":{"line":81,"column":4},"end":{"line":81,"column":45}},"type":"if","locations":[{"start":{"line":81,"column":4},"end":{"line":81,"column":45}},{"start":{},"end":{}}],"line":81},"5":{"loc":{"start":{"line":83,"column":12},"end":{"line":83,"column":26}},"type":"binary-expr","locations":[{"start":{"line":83,"column":12},"end":{"line":83,"column":21}},{"start":{"line":83,"column":25},"end":{"line":83,"column":26}}],"line":83},"6":{"loc":{"start":{"line":83,"column":31},"end":{"line":83,"column":45}},"type":"binary-expr","locations":[{"start":{"line":83,"column":31},"end":{"line":83,"column":40}},{"start":{"line":83,"column":44},"end":{"line":83,"column":45}}],"line":83},"7":{"loc":{"start":{"line":87,"column":2},"end":{"line":94,"column":3}},"type":"if","locations":[{"start":{"line":87,"column":2},"end":{"line":94,"column":3}},{"start":{},"end":{}}],"line":87},"8":{"loc":{"start":{"line":87,"column":6},"end":{"line":87,"column":60}},"type":"binary-expr","locations":[{"start":{"line":87,"column":6},"end":{"line":87,"column":31}},{"start":{"line":87,"column":35},"end":{"line":87,"column":60}}],"line":87},"9":{"loc":{"start":{"line":91,"column":4},"end":{"line":91,"column":49}},"type":"if","locations":[{"start":{"line":91,"column":4},"end":{"line":91,"column":49}},{"start":{},"end":{}}],"line":91},"10":{"loc":{"start":{"line":93,"column":12},"end":{"line":93,"column":26}},"type":"binary-expr","locations":[{"start":{"line":93,"column":12},"end":{"line":93,"column":21}},{"start":{"line":93,"column":25},"end":{"line":93,"column":26}}],"line":93},"11":{"loc":{"start":{"line":93,"column":31},"end":{"line":93,"column":45}},"type":"binary-expr","locations":[{"start":{"line":93,"column":31},"end":{"line":93,"column":40}},{"start":{"line":93,"column":44},"end":{"line":93,"column":45}}],"line":93},"12":{"loc":{"start":{"line":97,"column":2},"end":{"line":97,"column":70}},"type":"if","locations":[{"start":{"line":97,"column":2},"end":{"line":97,"column":70}},{"start":{},"end":{}}],"line":97},"13":{"loc":{"start":{"line":97,"column":6},"end":{"line":97,"column":60}},"type":"binary-expr","locations":[{"start":{"line":97,"column":6},"end":{"line":97,"column":31}},{"start":{"line":97,"column":35},"end":{"line":97,"column":60}}],"line":97},"14":{"loc":{"start":{"line":98,"column":2},"end":{"line":98,"column":71}},"type":"if","locations":[{"start":{"line":98,"column":2},"end":{"line":98,"column":71}},{"start":{},"end":{}}],"line":98},"15":{"loc":{"start":{"line":98,"column":6},"end":{"line":98,"column":60}},"type":"binary-expr","locations":[{"start":{"line":98,"column":6},"end":{"line":98,"column":31}},{"start":{"line":98,"column":35},"end":{"line":98,"column":60}}],"line":98},"16":{"loc":{"start":{"line":101,"column":10},"end":{"line":101,"column":24}},"type":"binary-expr","locations":[{"start":{"line":101,"column":10},"end":{"line":101,"column":19}},{"start":{"line":101,"column":23},"end":{"line":101,"column":24}}],"line":101},"17":{"loc":{"start":{"line":101,"column":29},"end":{"line":101,"column":43}},"type":"binary-expr","locations":[{"start":{"line":101,"column":29},"end":{"line":101,"column":38}},{"start":{"line":101,"column":42},"end":{"line":101,"column":43}}],"line":101},"18":{"loc":{"start":{"line":112,"column":2},"end":{"line":112,"column":45}},"type":"if","locations":[{"start":{"line":112,"column":2},"end":{"line":112,"column":45}},{"start":{},"end":{}}],"line":112},"19":{"loc":{"start":{"line":114,"column":15},"end":{"line":114,"column":35}},"type":"cond-expr","locations":[{"start":{"line":114,"column":27},"end":{"line":114,"column":30}},{"start":{"line":114,"column":33},"end":{"line":114,"column":35}}],"line":114},"20":{"loc":{"start":{"line":137,"column":4},"end":{"line":141,"column":5}},"type":"if","locations":[{"start":{"line":137,"column":4},"end":{"line":141,"column":5}},{"start":{},"end":{}}],"line":137},"21":{"loc":{"start":{"line":139,"column":23},"end":{"line":139,"column":83}},"type":"binary-expr","locations":[{"start":{"line":139,"column":23},"end":{"line":139,"column":66}},{"start":{"line":139,"column":70},"end":{"line":139,"column":83}}],"line":139},"22":{"loc":{"start":{"line":146,"column":19},"end":{"line":146,"column":80}},"type":"binary-expr","locations":[{"start":{"line":146,"column":19},"end":{"line":146,"column":31}},{"start":{"line":146,"column":35},"end":{"line":146,"column":80}}],"line":146},"23":{"loc":{"start":{"line":157,"column":4},"end":{"line":162,"column":5}},"type":"if","locations":[{"start":{"line":157,"column":4},"end":{"line":162,"column":5}},{"start":{"line":160,"column":9},"end":{"line":162,"column":5}}],"line":157},"24":{"loc":{"start":{"line":160,"column":9},"end":{"line":162,"column":5}},"type":"if","locations":[{"start":{"line":160,"column":9},"end":{"line":162,"column":5}},{"start":{},"end":{}}],"line":160},"25":{"loc":{"start":{"line":165,"column":6},"end":{"line":169,"column":7}},"type":"if","locations":[{"start":{"line":165,"column":6},"end":{"line":169,"column":7}},{"start":{},"end":{}}],"line":165},"26":{"loc":{"start":{"line":167,"column":25},"end":{"line":167,"column":134}},"type":"cond-expr","locations":[{"start":{"line":167,"column":66},"end":{"line":167,"column":98}},{"start":{"line":167,"column":101},"end":{"line":167,"column":134}}],"line":167},"27":{"loc":{"start":{"line":167,"column":108},"end":{"line":167,"column":126}},"type":"binary-expr","locations":[{"start":{"line":167,"column":108},"end":{"line":167,"column":119}},{"start":{"line":167,"column":123},"end":{"line":167,"column":126}}],"line":167},"28":{"loc":{"start":{"line":184,"column":2},"end":{"line":191,"column":3}},"type":"if","locations":[{"start":{"line":184,"column":2},"end":{"line":191,"column":3}},{"start":{},"end":{}}],"line":184},"29":{"loc":{"start":{"line":214,"column":2},"end":{"line":216,"column":3}},"type":"if","locations":[{"start":{"line":214,"column":2},"end":{"line":216,"column":3}},{"start":{},"end":{}}],"line":214},"30":{"loc":{"start":{"line":214,"column":6},"end":{"line":214,"column":52}},"type":"binary-expr","locations":[{"start":{"line":214,"column":6},"end":{"line":214,"column":27}},{"start":{"line":214,"column":31},"end":{"line":214,"column":52}}],"line":214}},"s":{"0":1,"1":1,"2":1,"3":1,"4":1,"5":1,"6":1,"7":1,"8":1,"9":1,"10":1,"11":1,"12":11,"13":11,"14":1,"15":1,"16":8,"17":8,"18":3,"19":2,"20":2,"21":1,"22":0,"23":8,"24":8,"25":8,"26":1,"27":1,"28":0,"29":7,"30":4,"31":4,"32":4,"33":3,"34":1,"35":3,"36":1,"37":2,"38":0,"39":2,"40":1,"41":12,"42":7,"43":5,"44":5,"45":5,"46":5,"47":1,"48":1,"49":1,"50":1,"51":1,"52":11,"53":11,"54":11,"55":11,"56":1,"57":1,"58":0,"59":1,"60":1,"61":1,"62":1,"63":1,"64":1,"65":0,"66":0,"67":1,"68":11,"69":11,"70":11,"71":11,"72":1,"73":1,"74":1,"75":0,"76":0,"77":0,"78":0,"79":0,"80":0,"81":1,"82":0,"83":0,"84":0,"85":0,"86":0,"87":0,"88":0,"89":0,"90":0,"91":0,"92":0,"93":0,"94":0,"95":0,"96":1,"97":0,"98":1,"99":1,"100":0,"101":0,"102":0,"103":0,"104":0,"105":0,"106":0,"107":1},"f":{"0":1,"1":8,"2":8,"3":12,"4":1,"5":11,"6":1,"7":0,"8":11,"9":0,"10":0,"11":0,"12":0,"13":0,"14":0,"15":0,"16":0},"b":{"0":[8,0],"1":[3,2,2,1],"2":[1,7],"3":[8,2],"4":[1,0],"5":[0,0],"6":[0,0],"7":[4,3],"8":[7,4],"9":[3,1],"10":[1,0],"11":[1,0],"12":[1,2],"13":[3,1],"14":[0,2],"15":[2,0],"16":[2,1],"17":[2,1],"18":[7,5],"19":[2,3],"20":[11,0],"21":[11,0],"22":[1,1],"23":[1,0],"24":[0,0],"25":[11,0],"26":[6,5],"27":[5,4],"28":[0,0],"29":[0,0],"30":[0,0]},"_coverageSchema":"1a1c01bbd47fc00a2c39e90264f33305004495a9","hash":"3b183af910cf8669cecc1fecc8c0b480b9a1fdfc"}
}
