TN:
SF:index.js
FN:39,(anonymous_0)
FN:62,(anonymous_1)
FN:64,getRiskOrder
FN:111,(anonymous_3)
FN:128,(anonymous_4)
FN:136,(anonymous_5)
FN:146,(anonymous_6)
FN:147,(anonymous_7)
FN:164,(anonymous_8)
FN:183,(anonymous_9)
FN:186,(anonymous_10)
FN:187,(anonymous_11)
FN:200,(anonymous_12)
FN:224,(anonymous_13)
FN:230,(anonymous_14)
FN:231,(anonymous_15)
FN:233,(anonymous_16)
FNF:17
FNH:8
FNDA:1,(anonymous_0)
FNDA:8,(anonymous_1)
FNDA:8,getRiskOrder
FNDA:12,(anonymous_3)
FNDA:1,(anonymous_4)
FNDA:11,(anonymous_5)
FNDA:1,(anonymous_6)
FNDA:0,(anonymous_7)
FNDA:11,(anonymous_8)
FNDA:0,(anonymous_9)
FNDA:0,(anonymous_10)
FNDA:0,(anonymous_11)
FNDA:0,(anonymous_12)
FNDA:0,(anonymous_13)
FNDA:0,(anonymous_14)
FNDA:0,(anonymous_15)
FNDA:0,(anonymous_16)
DA:1,1
DA:15,1
DA:21,1
DA:27,1
DA:28,1
DA:29,1
DA:30,1
DA:39,1
DA:40,1
DA:41,1
DA:44,1
DA:45,11
DA:46,11
DA:48,1
DA:62,1
DA:65,8
DA:66,8
DA:67,3
DA:68,2
DA:69,2
DA:70,1
DA:73,0
DA:76,8
DA:77,8
DA:80,8
DA:81,1
DA:83,0
DA:87,7
DA:88,4
DA:89,4
DA:91,4
DA:93,1
DA:97,3
DA:98,2
DA:101,2
DA:111,1
DA:112,12
DA:114,5
DA:115,5
DA:116,5
DA:117,5
DA:128,1
DA:129,1
DA:130,1
DA:133,1
DA:136,1
DA:137,11
DA:138,11
DA:139,11
DA:140,11
DA:145,1
DA:146,1
DA:148,0
DA:152,1
DA:153,1
DA:154,1
DA:157,1
DA:158,1
DA:160,0
DA:161,0
DA:164,1
DA:165,11
DA:166,11
DA:167,11
DA:168,11
DA:171,1
DA:174,1
DA:183,1
DA:184,0
DA:185,0
DA:186,0
DA:188,0
DA:189,0
DA:192,0
DA:200,1
DA:201,0
DA:202,0
DA:203,0
DA:206,0
DA:207,0
DA:208,0
DA:210,0
DA:211,0
DA:212,0
DA:214,0
DA:215,0
DA:218,0
DA:219,0
DA:220,0
DA:224,1
DA:225,0
DA:229,1
DA:230,1
DA:231,0
DA:232,0
DA:233,0
DA:234,0
DA:236,0
DA:237,0
DA:241,1
LF:100
LH:68
BRDA:65,0,0,8
BRDA:65,0,1,0
BRDA:66,1,0,3
BRDA:66,1,1,2
BRDA:66,1,2,2
BRDA:66,1,3,1
BRDA:80,2,0,1
BRDA:80,2,1,7
BRDA:80,3,0,8
BRDA:80,3,1,2
BRDA:81,4,0,1
BRDA:81,4,1,0
BRDA:83,5,0,0
BRDA:83,5,1,0
BRDA:83,6,0,0
BRDA:83,6,1,0
BRDA:87,7,0,4
BRDA:87,7,1,3
BRDA:87,8,0,7
BRDA:87,8,1,4
BRDA:91,9,0,3
BRDA:91,9,1,1
BRDA:93,10,0,1
BRDA:93,10,1,0
BRDA:93,11,0,1
BRDA:93,11,1,0
BRDA:97,12,0,1
BRDA:97,12,1,2
BRDA:97,13,0,3
BRDA:97,13,1,1
BRDA:98,14,0,0
BRDA:98,14,1,2
BRDA:98,15,0,2
BRDA:98,15,1,0
BRDA:101,16,0,2
BRDA:101,16,1,1
BRDA:101,17,0,2
BRDA:101,17,1,1
BRDA:112,18,0,7
BRDA:112,18,1,5
BRDA:114,19,0,2
BRDA:114,19,1,3
BRDA:137,20,0,11
BRDA:137,20,1,0
BRDA:139,21,0,11
BRDA:139,21,1,0
BRDA:146,22,0,1
BRDA:146,22,1,1
BRDA:157,23,0,1
BRDA:157,23,1,0
BRDA:160,24,0,0
BRDA:160,24,1,0
BRDA:165,25,0,11
BRDA:165,25,1,0
BRDA:167,26,0,6
BRDA:167,26,1,5
BRDA:167,27,0,5
BRDA:167,27,1,4
BRDA:184,28,0,0
BRDA:184,28,1,0
BRDA:214,29,0,0
BRDA:214,29,1,0
BRDA:214,30,0,0
BRDA:214,30,1,0
BRF:64
BRH:42
end_of_record
